[debug] [2024-04-23T16:59:25.809Z] ----------------------------------------------------------------------
[debug] [2024-04-23T16:59:25.817Z] Command:       C:\Program Files\nodejs\node.exe C:\Users\Javier\AppData\Roaming\npm\node_modules\firebase-tools\lib\bin\firebase.js init
[debug] [2024-04-23T16:59:25.818Z] CLI Version:   13.7.3
[debug] [2024-04-23T16:59:25.819Z] Platform:      win32
[debug] [2024-04-23T16:59:25.820Z] Node Version:  v20.12.2
[debug] [2024-04-23T16:59:25.820Z] Time:          Tue Apr 23 2024 13:59:25 GMT-0300 (hora estándar de Argentina)
[debug] [2024-04-23T16:59:25.821Z] ----------------------------------------------------------------------
[debug] 
[debug] [2024-04-23T16:59:25.839Z] > command requires scopes: ["email","openid","https://www.googleapis.com/auth/cloudplatformprojects.readonly","https://www.googleapis.com/auth/firebase","https://www.googleapis.com/auth/cloud-platform"]
[debug] [2024-04-23T16:59:25.840Z] > authorizing via signed-in user (javier.mendoza.benitez@gmail.com)
[info] 
     ######## #### ########  ######## ########     ###     ######  ########
     ##        ##  ##     ## ##       ##     ##  ##   ##  ##       ##
     ######    ##  ########  ######   ########  #########  ######  ######
     ##        ##  ##    ##  ##       ##     ## ##     ##       ## ##
     ##       #### ##     ## ######## ########  ##     ##  ######  ########

You're about to initialize a Firebase project in this directory:

  C:\Users\Javier\Documents\TUP\QC03-24\L4\Ej0424LabIV\SalaDeJuegos

[info] 
=== Project Setup
[info] 
[info] First, let's associate this project directory with a Firebase project.
[info] You can create multiple project aliases by running firebase use --add, 
[info] but for now we'll just set up a default project.
[info] 
[debug] [2024-04-23T17:02:01.003Z] >>> [apiv2][query] GET https://firebase.googleapis.com/v1beta1/projects pageSize=100
[debug] [2024-04-23T17:02:01.771Z] <<< [apiv2][status] GET https://firebase.googleapis.com/v1beta1/projects 200
[debug] [2024-04-23T17:02:01.772Z] <<< [apiv2][body] GET https://firebase.googleapis.com/v1beta1/projects [omitted]
[info] i  Using project saladejuegos-cc6a0 (SalaDeJuegos) 
[info] 
=== Hosting Setup
[debug] [2024-04-23T17:02:15.905Z] >>> [apiv2][query] GET https://firebase.googleapis.com/v1beta1/projects/saladejuegos-cc6a0 [none]
[debug] [2024-04-23T17:02:16.357Z] <<< [apiv2][status] GET https://firebase.googleapis.com/v1beta1/projects/saladejuegos-cc6a0 200
[debug] [2024-04-23T17:02:16.358Z] <<< [apiv2][body] GET https://firebase.googleapis.com/v1beta1/projects/saladejuegos-cc6a0 {"projectId":"saladejuegos-cc6a0","projectNumber":"509451443014","displayName":"SalaDeJuegos","name":"projects/saladejuegos-cc6a0","resources":{"hostingSite":"saladejuegos-cc6a0"},"state":"ACTIVE","etag":"1_ba128e10-2da5-443b-9167-ac5f4d1221da"}
[info] 
[info] Your public directory is the folder (relative to your project directory) that
[info] will contain Hosting assets to be uploaded with firebase deploy. If you
[info] have a build process for your assets, use your build's output directory.
[info] 
